<?xml version="1.0" encoding="UTF-8"?>
<!-- Generated by org.testng.reporters.JUnitXMLReporter -->
<testsuite ignored="0" hostname="LAPTOP-2EE9FLU9" failures="1" tests="1" name="ErrorTest" time="4.729" errors="0" timestamp="2026-02-17T19:56:04 IST">
  <testcase classname="vinod.testCases.ErrorValidation" name="error" time="2.75">
    <failure type="java.lang.AssertionError" message="expected [Incorrect email password.] but found [Incorrect email or password.]">
      <![CDATA[java.lang.AssertionError: expected [Incorrect email password.] but found [Incorrect email or password.]
at vinod.testCases.ErrorValidation.error(ErrorValidation.java:24)
at java.base/java.util.ArrayList.forEach(ArrayList.java:1596)
... Removed 31 stack frames]]>
    </failure>
  </testcase> <!-- error -->
</testsuite> <!-- ErrorTest -->
