<?xml version="1.0" encoding="UTF-8"?>
<!-- Generated by org.testng.reporters.JUnitXMLReporter -->
<testsuite ignored="0" hostname="LAPTOP-2EE9FLU9" failures="0" tests="3" name="Test" time="27.605" errors="0" timestamp="2026-02-13T15:25:11 IST">
  <testcase classname="vinod.testCases.StandAloneProject" name="test1" time="16.839"/>
  <testcase classname="vinod.testCases.ErrorValidation" name="test3" time="1.734"/>
  <testcase classname="vinod.testCases.SubmitTest" name="test2" time="6.347"/>
</testsuite> <!-- Test -->
