<?xml version="1.0" encoding="UTF-8"?>
<!-- Generated by org.testng.reporters.JUnitXMLReporter -->
<testsuite ignored="2" hostname="LAPTOP-2EE9FLU9" failures="0" tests="0" time="0.009" errors="0" timestamp="2026-02-18T18:42:05 IST">
  <testcase classname="vinod.testCases.StandAloneProject" name="verifyOrder" time="0.0">
    <ignored/>
  </testcase> <!-- verifyOrder -->
  <testcase classname="vinod.testCases.StandAloneProject" name="StandAlone" time="0.0">
    <ignored/>
  </testcase> <!-- StandAlone -->
</testsuite>
