<?xml version="1.0" encoding="UTF-8"?>
<testng-results ignored="3" total="4" passed="1" failed="0" skipped="0">
  <reporter-output>
  </reporter-output>
  <suite started-at="2026-02-18T18:42:05 IST" name="Suite" finished-at="2026-02-18T18:42:11 IST" duration-ms="6016">
    <groups>
      <group name="Error">
        <method signature="ErrorValidation.error()[pri:3, instance:vinod.testCases.ErrorValidation@397fbdb]" name="error" class="vinod.testCases.ErrorValidation"/>
      </group> <!-- Error -->
    </groups>
    <test started-at="2026-02-18T18:42:05 IST" name="SubmitTest" finished-at="2026-02-18T18:42:05 IST" duration-ms="9">
    </test> <!-- SubmitTest -->
    <test started-at="2026-02-18T18:42:05 IST" name="ErrorTest" finished-at="2026-02-18T18:42:11 IST" duration-ms="5947">
      <class name="vinod.testCases.ErrorValidation">
        <test-method is-config="true" signature="initializeDriver()[pri:0, instance:vinod.testCases.ErrorValidation@397fbdb]" started-at="2026-02-18T18:42:05 IST" name="initializeDriver" finished-at="2026-02-18T18:42:08 IST" duration-ms="3590" status="PASS">
          <reporter-output>
          </reporter-output>
        </test-method> <!-- initializeDriver -->
        <test-method signature="error()[pri:3, instance:vinod.testCases.ErrorValidation@397fbdb]" started-at="2026-02-18T18:42:08 IST" name="error" finished-at="2026-02-18T18:42:10 IST" duration-ms="2144" status="PASS">
          <reporter-output>
          </reporter-output>
        </test-method> <!-- error -->
        <test-method is-config="true" signature="tearDown()[pri:0, instance:vinod.testCases.ErrorValidation@397fbdb]" started-at="2026-02-18T18:42:10 IST" name="tearDown" finished-at="2026-02-18T18:42:11 IST" duration-ms="158" status="PASS">
          <reporter-output>
          </reporter-output>
        </test-method> <!-- tearDown -->
      </class> <!-- vinod.testCases.ErrorValidation -->
    </test> <!-- ErrorTest -->
    <test started-at="2026-02-18T18:42:11 IST" name="Test3" finished-at="2026-02-18T18:42:11 IST" duration-ms="1">
    </test> <!-- Test3 -->
  </suite> <!-- Suite -->
</testng-results>
