<?xml version="1.0" encoding="UTF-8"?>
<testng-results ignored="0" total="1" passed="1" failed="0" skipped="0">
  <reporter-output>
  </reporter-output>
  <suite started-at="2026-02-18T17:57:02 IST" name="Default suite" finished-at="2026-02-18T17:57:09 IST" duration-ms="6240">
    <groups>
      <group name="Error">
        <method signature="ErrorValidation.error()[pri:3, instance:vinod.testCases.ErrorValidation@206a70ef]" name="error" class="vinod.testCases.ErrorValidation"/>
      </group> <!-- Error -->
    </groups>
    <test started-at="2026-02-18T17:57:02 IST" name="Default test" finished-at="2026-02-18T17:57:09 IST" duration-ms="6240">
      <class name="vinod.testCases.ErrorValidation">
        <test-method is-config="true" signature="initializeDriver()[pri:0, instance:vinod.testCases.ErrorValidation@206a70ef]" started-at="2026-02-18T17:57:02 IST" name="initializeDriver" finished-at="2026-02-18T17:57:06 IST" duration-ms="3323" status="PASS">
          <reporter-output>
          </reporter-output>
        </test-method> <!-- initializeDriver -->
        <test-method signature="error()[pri:3, instance:vinod.testCases.ErrorValidation@206a70ef]" started-at="2026-02-18T17:57:06 IST" name="error" finished-at="2026-02-18T17:57:09 IST" duration-ms="2727" status="PASS">
          <reporter-output>
          </reporter-output>
        </test-method> <!-- error -->
        <test-method is-config="true" signature="tearDown()[pri:0, instance:vinod.testCases.ErrorValidation@206a70ef]" started-at="2026-02-18T17:57:09 IST" name="tearDown" finished-at="2026-02-18T17:57:09 IST" duration-ms="148" status="PASS">
          <reporter-output>
          </reporter-output>
        </test-method> <!-- tearDown -->
      </class> <!-- vinod.testCases.ErrorValidation -->
    </test> <!-- Default test -->
  </suite> <!-- Default suite -->
</testng-results>
