<?xml version="1.0" encoding="UTF-8"?>
<!-- Generated by org.testng.reporters.JUnitReportReporter -->
<testsuite hostname="LAPTOP-2EE9FLU9" failures="0" tests="2" name="vinod.testCases.DataProviderClass" time="34.230" errors="0" timestamp="2026-02-13T17:05:43 IST" skipped="0">
  <testcase classname="vinod.testCases.DataProviderClass" name="dataprovidermethod" time="17.010"/>
  <testcase classname="vinod.testCases.DataProviderClass" name="dataprovidermethod" time="17.220"/>
</testsuite> <!-- vinod.testCases.DataProviderClass -->
