<?xml version="1.0" encoding="UTF-8"?>
<!-- Generated by org.testng.reporters.JUnitReportReporter -->
<testsuite hostname="LAPTOP-2EE9FLU9" failures="0" tests="2" name="vinod.testCases.StandAloneProject" time="8.238" errors="0" timestamp="2026-02-17T19:53:20 IST" skipped="0">
  <testcase classname="vinod.testCases.StandAloneProject" name="StandAlone" time="5.144"/>
  <testcase classname="vinod.testCases.StandAloneProject" name="verifyOrder" time="3.094"/>
</testsuite> <!-- vinod.testCases.StandAloneProject -->
