<?xml version="1.0" encoding="UTF-8"?>
<!-- Generated by org.testng.reporters.JUnitReportReporter -->
<testsuite hostname="LAPTOP-2EE9FLU9" failures="0" tests="2" name="vinod.testCases.StandAloneProject" time="21.266" errors="0" timestamp="2026-02-18T17:31:32 IST" skipped="0">
  <testcase classname="vinod.testCases.StandAloneProject" name="StandAlone" time="17.840"/>
  <testcase classname="vinod.testCases.StandAloneProject" name="verifyOrder" time="3.426"/>
</testsuite> <!-- vinod.testCases.StandAloneProject -->
